<?xml version="1.0" encoding="UTF-8"?>
<testng-results skipped="0" failed="0" ignored="0" total="1" passed="1">
  <reporter-output>
  </reporter-output>
  <suite name="Suite" duration-ms="52" started-at="2017-11-03T19:12:06Z" finished-at="2017-11-03T19:12:06Z">
    <groups>
    </groups>
    <test name="Test" duration-ms="52" started-at="2017-11-03T19:12:06Z" finished-at="2017-11-03T19:12:06Z">
      <class name="mvngittest.SimpleClass">
        <test-method status="PASS" signature="test()[pri:0, instance:mvngittest.SimpleClass@1dfb72a]" name="test" duration-ms="20" started-at="2017-11-04T00:42:06Z" finished-at="2017-11-04T00:42:06Z">
          <reporter-output>
          </reporter-output>
        </test-method> <!-- test -->
      </class> <!-- mvngittest.SimpleClass -->
    </test> <!-- Test -->
  </suite> <!-- Suite -->
</testng-results>
