<?xml version="1.0" encoding="UTF-8"?>
<testng-results skipped="0" failed="0" ignored="0" total="1" passed="1">
  <reporter-output>
  </reporter-output>
  <suite name="Suite" duration-ms="45" started-at="2017-11-03T19:12:18Z" finished-at="2017-11-03T19:12:19Z">
    <groups>
    </groups>
    <test name="Test" duration-ms="45" started-at="2017-11-03T19:12:18Z" finished-at="2017-11-03T19:12:19Z">
      <class name="mvngittest.SimpleClass">
        <test-method status="PASS" signature="test()[pri:0, instance:mvngittest.SimpleClass@5cb137]" name="test" duration-ms="16" started-at="2017-11-04T00:42:19Z" finished-at="2017-11-04T00:42:19Z">
          <reporter-output>
          </reporter-output>
        </test-method> <!-- test -->
      </class> <!-- mvngittest.SimpleClass -->
    </test> <!-- Test -->
  </suite> <!-- Suite -->
</testng-results>
